1711722128144901 B microfactory /home/ubuntu/lineage20/out/microfactory_Linux
1711722128145069 B findDeps
1711722128145309 E findDeps
1711722128145345 B check compile github.com/google/blueprint/microfactory
1711722128145438 E check compile github.com/google/blueprint/microfactory
1711722128145449 B check compile main
1711722128145488 E check compile main
1711722128145493 B check link main
1711722128145509 E check link main
1711722128145527 B findDeps
1711722128156697 E findDeps
1711722128156829 B check compile android/soong/ui/logger
1711722128156834 B check compile google.golang.org/protobuf/internal/pragma
1711722128156895 E check compile google.golang.org/protobuf/internal/pragma
1711722128156909 E check compile android/soong/ui/logger
1711722128156921 B check compile android/soong/ui/signal
1711722128156948 B check compile google.golang.org/protobuf/internal/version
1711722128157010 B check compile google.golang.org/protobuf/internal/detrand
1711722128157012 B check compile android/soong/finder/fs
1711722128157035 B check compile github.com/google/blueprint/deptools
1711722128157055 E check compile google.golang.org/protobuf/internal/detrand
1711722128157061 B check compile google.golang.org/protobuf/internal/errors
1711722128157067 B check compile github.com/google/blueprint/microfactory
1711722128157076 E check compile github.com/google/blueprint/deptools
1711722128157015 B check compile github.com/google/blueprint/pathtools
1711722128157107 E check compile google.golang.org/protobuf/internal/errors
1711722128157111 B check compile google.golang.org/protobuf/encoding/protowire
1711722128157156 E check compile google.golang.org/protobuf/internal/version
1711722128156967 E check compile android/soong/ui/signal
1711722128157168 E check compile google.golang.org/protobuf/encoding/protowire
1711722128157183 B check compile google.golang.org/protobuf/internal/flags
1711722128157203 E check compile github.com/google/blueprint/microfactory
1711722128157240 B check compile google.golang.org/protobuf/internal/set
1711722128157270 E check compile android/soong/finder/fs
1711722128157277 E check compile google.golang.org/protobuf/internal/flags
1711722128157283 B check compile google.golang.org/protobuf/reflect/protoreflect
1711722128157189 E check compile github.com/google/blueprint/pathtools
1711722128157303 E check compile google.golang.org/protobuf/internal/set
1711722128157279 B check compile android/soong/finder
1711722128157001 B check compile android/soong/ui/build/paths
1711722128157024 B check compile github.com/google/blueprint/metrics
1711722128157376 E check compile android/soong/ui/build/paths
1711722128156988 B check compile github.com/google/blueprint/parser
1711722128157409 E check compile android/soong/finder
1711722128157471 E check compile github.com/google/blueprint/metrics
1711722128157531 E check compile google.golang.org/protobuf/reflect/protoreflect
1711722128157545 B check compile google.golang.org/protobuf/runtime/protoiface
1711722128157567 E check compile github.com/google/blueprint/parser
1711722128157573 B check compile github.com/google/blueprint/proptools
1711722128157582 B check compile google.golang.org/protobuf/internal/descfmt
1711722128157598 E check compile google.golang.org/protobuf/runtime/protoiface
1711722128157608 B check compile google.golang.org/protobuf/internal/descopts
1711722128157849 E check compile google.golang.org/protobuf/internal/descfmt
1711722128157998 E check compile google.golang.org/protobuf/internal/descopts
1711722128158024 B check compile google.golang.org/protobuf/internal/strs
1711722128158030 B check compile google.golang.org/protobuf/internal/encoding/messageset
1711722128158034 B check compile google.golang.org/protobuf/internal/order
1711722128158182 E check compile google.golang.org/protobuf/internal/strs
1711722128158189 E check compile google.golang.org/protobuf/internal/encoding/messageset
1711722128158032 B check compile google.golang.org/protobuf/internal/genid
1711722128158202 B check compile google.golang.org/protobuf/reflect/protoregistry
1711722128158200 B check compile google.golang.org/protobuf/internal/encoding/text
1711722128158544 E check compile google.golang.org/protobuf/internal/order
1711722128158585 E check compile google.golang.org/protobuf/reflect/protoregistry
1711722128158629 E check compile github.com/google/blueprint/proptools
1711722128158641 B check compile github.com/google/blueprint
1711722128158693 B check compile github.com/google/blueprint/bootstrap/bpdoc
1711722128158748 E check compile google.golang.org/protobuf/internal/encoding/text
1711722128158768 B check compile google.golang.org/protobuf/internal/encoding/defval
1711722128158805 E check compile github.com/google/blueprint/bootstrap/bpdoc
1711722128158841 E check compile google.golang.org/protobuf/internal/encoding/defval
1711722128158861 E check compile google.golang.org/protobuf/internal/genid
1711722128158876 B check compile google.golang.org/protobuf/proto
1711722128159255 E check compile google.golang.org/protobuf/proto
1711722128159286 B check compile google.golang.org/protobuf/internal/filedesc
1711722128159299 B check compile google.golang.org/protobuf/encoding/prototext
1711722128159439 E check compile google.golang.org/protobuf/encoding/prototext
1711722128159577 E check compile google.golang.org/protobuf/internal/filedesc
1711722128159593 B check compile google.golang.org/protobuf/internal/encoding/tag
1711722128159636 E check compile github.com/google/blueprint
1711722128159642 E check compile google.golang.org/protobuf/internal/encoding/tag
1711722128159648 B check compile google.golang.org/protobuf/internal/impl
1711722128159652 B check compile android/soong/bazel
1711722128159662 B check compile github.com/google/blueprint/bootstrap
1711722128160185 E check compile android/soong/bazel
1711722128160268 E check compile github.com/google/blueprint/bootstrap
1711722128160277 B check compile android/soong/shared
1711722128160619 E check compile android/soong/shared
1711722128161408 E check compile google.golang.org/protobuf/internal/impl
1711722128161426 B check compile google.golang.org/protobuf/internal/filetype
1711722128161488 E check compile google.golang.org/protobuf/internal/filetype
1711722128161499 B check compile google.golang.org/protobuf/runtime/protoimpl
1711722128161569 E check compile google.golang.org/protobuf/runtime/protoimpl
1711722128161587 B check compile android/soong/ui/metrics/metrics_proto
1711722128161600 B check compile android/soong/ui/metrics/upload_proto
1711722128161614 B check compile android/soong/ui/status/build_error_proto
1711722128161632 B check compile android/soong/ui/status/build_progress_proto
1711722128161654 B check compile android/soong/ui/metrics/mk_metrics_proto
1711722128161669 B check compile android/soong/ui/status/ninja_frontend
1711722128161687 E check compile android/soong/ui/metrics/upload_proto
1711722128161705 E check compile android/soong/ui/status/build_progress_proto
1711722128161718 E check compile android/soong/ui/metrics/metrics_proto
1711722128161725 E check compile android/soong/ui/metrics/mk_metrics_proto
1711722128161720 E check compile android/soong/ui/status/build_error_proto
1711722128161764 E check compile android/soong/ui/status/ninja_frontend
1711722128161776 B check compile android/soong/ui/status
1711722128161882 E check compile android/soong/ui/status
1711722128161893 B check compile android/soong/ui/tracer
1711722128161908 B check compile android/soong/ui/terminal
1711722128161954 E check compile android/soong/ui/tracer
1711722128161974 B check compile android/soong/ui/metrics
1711722128162031 E check compile android/soong/ui/metrics
1711722128162043 B check compile android/soong/ui/build
1711722128162058 E check compile android/soong/ui/terminal
1711722128162514 E check compile android/soong/ui/build
1711722128162525 B check compile main
1711722128162580 E check compile main
1711722128162584 B check link main
1711722128162599 E check link main
1711722128162606 E microfactory /home/ubuntu/lineage20/out/microfactory_Linux
